  [1m[35m (0.2ms)[0m  [1m[35mCREATE TABLE "schema_migrations" ("version" varchar NOT NULL PRIMARY KEY) /*application='Awesomer'*/[0m
  [1m[35m (0.1ms)[0m  [1m[35mCREATE TABLE "ar_internal_metadata" ("key" varchar NOT NULL PRIMARY KEY, "value" varchar, "created_at" datetime(6) NOT NULL, "updated_at" datetime(6) NOT NULL) /*application='Awesomer'*/[0m
  [1m[36mActiveRecord::InternalMetadata Load (0.1ms)[0m  [1m[34mSELECT * FROM "ar_internal_metadata" WHERE "ar_internal_metadata"."key" = 'environment' ORDER BY "ar_internal_metadata"."key" ASC LIMIT 1 /*application='Awesomer'*/[0m
  [1m[36mActiveRecord::InternalMetadata Create (0.1ms)[0m  [1m[32mINSERT INTO "ar_internal_metadata" ("key", "value", "created_at", "updated_at") VALUES ('environment', 'development', '2025-05-19 21:17:02.747748', '2025-05-19 21:17:02.747750') RETURNING "key" /*application='Awesomer'*/[0m
  [1m[36mActiveRecord::SchemaMigration Load (0.0ms)[0m  [1m[34mSELECT "schema_migrations"."version" FROM "schema_migrations" ORDER BY "schema_migrations"."version" ASC /*application='Awesomer'*/[0m
Migrating to CreateAwesomeListSchema (20250519211642)
  [1m[36mTRANSACTION (0.0ms)[0m  [1m[35mBEGIN immediate TRANSACTION /*application='Awesomer'*/[0m
  [1m[35m (0.4ms)[0m  [1m[35mCREATE TABLE "awesome_lists" ("id" integer PRIMARY KEY AUTOINCREMENT NOT NULL, "name" varchar NOT NULL, "description" text, "github_repo" varchar NOT NULL, "created_at" datetime(6) NOT NULL, "updated_at" datetime(6) NOT NULL) /*application='Awesomer'*/[0m
  [1m[35m (0.0ms)[0m  [1m[35mCREATE TABLE "awesome_list_versions" ("id" integer PRIMARY KEY AUTOINCREMENT NOT NULL, "awesome_list_id" integer NOT NULL, "stars" integer, "commits_past_year" integer, "last_commit_at" datetime(6), "repo_count" integer, "category_count" integer, "created_at" datetime(6) NOT NULL, "updated_at" datetime(6) NOT NULL, CONSTRAINT "fk_rails_03b609944d"
FOREIGN KEY ("awesome_list_id")
  REFERENCES "awesome_lists" ("id")
) /*application='Awesomer'*/[0m
  [1m[35m (0.0ms)[0m  [1m[35mCREATE INDEX "index_awesome_list_versions_on_awesome_list_id" ON "awesome_list_versions" ("awesome_list_id") /*application='Awesomer'*/[0m
  [1m[35m (0.0ms)[0m  [1m[35mCREATE TABLE "categories" ("id" integer PRIMARY KEY AUTOINCREMENT NOT NULL, "awesome_list_version_id" integer NOT NULL, "parent_id" integer, "name" varchar NOT NULL, "repo_count" integer, "created_at" datetime(6) NOT NULL, "updated_at" datetime(6) NOT NULL, CONSTRAINT "fk_rails_96e19ba08e"
FOREIGN KEY ("awesome_list_version_id")
  REFERENCES "awesome_list_versions" ("id")
, CONSTRAINT "fk_rails_82f48f7407"
FOREIGN KEY ("parent_id")
  REFERENCES "categories" ("id")
) /*application='Awesomer'*/[0m
  [1m[35m (0.0ms)[0m  [1m[35mCREATE INDEX "index_categories_on_awesome_list_version_id" ON "categories" ("awesome_list_version_id") /*application='Awesomer'*/[0m
  [1m[35m (0.0ms)[0m  [1m[35mCREATE INDEX "index_categories_on_parent_id" ON "categories" ("parent_id") /*application='Awesomer'*/[0m
  [1m[35m (0.0ms)[0m  [1m[35mCREATE TABLE "repo_stats" ("id" integer PRIMARY KEY AUTOINCREMENT NOT NULL, "awesome_list_version_id" integer NOT NULL, "stars" integer, "commits_past_year" integer, "last_commit_at" datetime(6), "created_at" datetime(6) NOT NULL, "updated_at" datetime(6) NOT NULL, CONSTRAINT "fk_rails_50e8ca3b24"
FOREIGN KEY ("awesome_list_version_id")
  REFERENCES "awesome_list_versions" ("id")
) /*application='Awesomer'*/[0m
  [1m[35m (0.0ms)[0m  [1m[35mCREATE INDEX "index_repo_stats_on_awesome_list_version_id" ON "repo_stats" ("awesome_list_version_id") /*application='Awesomer'*/[0m
  [1m[36mActiveRecord::SchemaMigration Create (0.0ms)[0m  [1m[32mINSERT INTO "schema_migrations" ("version") VALUES ('20250519211642') RETURNING "version" /*application='Awesomer'*/[0m
  [1m[36mTRANSACTION (0.1ms)[0m  [1m[35mCOMMIT TRANSACTION /*application='Awesomer'*/[0m
  [1m[36mActiveRecord::SchemaMigration Load (0.0ms)[0m  [1m[34mSELECT "schema_migrations"."version" FROM "schema_migrations" ORDER BY "schema_migrations"."version" ASC /*application='Awesomer'*/[0m
  [1m[36mActiveRecord::SchemaMigration Load (0.0ms)[0m  [1m[34mSELECT "schema_migrations"."version" FROM "schema_migrations" ORDER BY "schema_migrations"."version" ASC /*application='Awesomer'*/[0m
